<?xml version="1.0" encoding="UTF-8"?>
<coverage generated="1757309777505" clover="3.2.0">
  <project timestamp="1757309777505" name="All files">
    <metrics statements="2" coveredstatements="2" conditionals="2" coveredconditionals="2" methods="1" coveredmethods="1" elements="5" coveredelements="5" complexity="0" loc="2" ncloc="2" packages="1" files="1" classes="1"/>
    <file name="Greet.tsx" path="/Users/vinodkumarnandimandalam/Desktop/learnings/my-react-app/src/components/greet/Greet.tsx">
      <metrics statements="2" coveredstatements="2" conditionals="2" coveredconditionals="2" methods="1" coveredmethods="1"/>
      <line num="7" count="2" type="stmt"/>
      <line num="8" count="3" type="stmt"/>
    </file>
  </project>
</coverage>
