{
  "/Users/vinodkumarnandimandalam/Desktop/learnings/my-react-app/src/components/greet/Greet.tsx": {
    "path": "/Users/vinodkumarnandimandalam/Desktop/learnings/my-react-app/src/components/greet/Greet.tsx",
    "statementMap": {
      "0": {
        "start": { "line": 7, "column": 14 },
        "end": { "line": 11, "column": 1 }
      },
      "1": {
        "start": { "line": 8, "column": 4 },
        "end": { "line": 10, "column": 10 }
      }
    },
    "fnMap": {
      "0": {
        "name": "(anonymous_0)",
        "decl": {
          "start": { "line": 7, "column": 14 },
          "end": { "line": 7, "column": 15 }
        },
        "loc": {
          "start": { "line": 7, "column": 33 },
          "end": { "line": 11, "column": 1 }
        },
        "line": 7
      }
    },
    "branchMap": {
      "0": {
        "loc": {
          "start": { "line": 9, "column": 21 },
          "end": { "line": 9, "column": 37 }
        },
        "type": "binary-expr",
        "locations": [
          {
            "start": { "line": 9, "column": 21 },
            "end": { "line": 9, "column": 31 }
          },
          {
            "start": { "line": 9, "column": 35 },
            "end": { "line": 9, "column": 37 }
          }
        ],
        "line": 9
      }
    },
    "s": { "0": 2, "1": 3 },
    "f": { "0": 3 },
    "b": { "0": [3, 2] },
    "_coverageSchema": "1a1c01bbd47fc00a2c39e90264f33305004495a9",
    "hash": "ae45c8f06f9c1f8f5b65fd0c40c3fcf3e5653293"
  }
}
